The system is: Linux - 5.14.21-150500.55.52-default - x86_64
Compiling the CXX compiler identification source file "CMakeCXXCompilerId.cpp" succeeded.
Compiler: /usr/bin/clang++ 
Build flags: 
Id flags:  

The output was:
0


Compilation of the CXX compiler identification source "CMakeCXXCompilerId.cpp" produced "a.out"

The CXX compiler identification is Clang, found in "/home/lehrig/pvb6/pvbrowser/cmake-builddir-with-www/CMakeFiles/3.20.4/CompilerIdCXX/a.out"

Detecting CXX compiler ABI info compiled with the following output:
Change Dir: /home/lehrig/pvb6/pvbrowser/cmake-builddir-with-www/CMakeFiles/CMakeTmp

Run Build Command(s):/usr/bin/gmake -f Makefile cmTC_527a0/fast && /usr/bin/gmake  -f CMakeFiles/cmTC_527a0.dir/build.make CMakeFiles/cmTC_527a0.dir/build
gmake[1]: Entering directory '/home/lehrig/pvb6/pvbrowser/cmake-builddir-with-www/CMakeFiles/CMakeTmp'
Building CXX object CMakeFiles/cmTC_527a0.dir/CMakeCXXCompilerABI.cpp.o
/usr/bin/clang++   -v -MD -MT CMakeFiles/cmTC_527a0.dir/CMakeCXXCompilerABI.cpp.o -MF CMakeFiles/cmTC_527a0.dir/CMakeCXXCompilerABI.cpp.o.d -o CMakeFiles/cmTC_527a0.dir/CMakeCXXCompilerABI.cpp.o -c /usr/share/cmake/Modules/CMakeCXXCompilerABI.cpp
clang version 15.0.7
Target: x86_64-suse-linux
Thread model: posix
InstalledDir: /usr/bin
Found candidate GCC installation: /usr/bin/../lib64/gcc/x86_64-suse-linux/10
Found candidate GCC installation: /usr/bin/../lib64/gcc/x86_64-suse-linux/7
Selected GCC installation: /usr/bin/../lib64/gcc/x86_64-suse-linux/10
Candidate multilib: .;@m64
Selected multilib: .;@m64
 (in-process)
 "/usr/bin/clang-15.0.7" -cc1 -triple x86_64-suse-linux -emit-obj -mrelax-all --mrelax-relocations -disable-free -clear-ast-before-backend -disable-llvm-verifier -discard-value-names -main-file-name CMakeCXXCompilerABI.cpp -mrelocation-model pic -pic-level 2 -pic-is-pie -mframe-pointer=all -fmath-errno -ffp-contract=on -fno-rounding-math -mconstructor-aliases -funwind-tables=2 -target-cpu x86-64 -tune-cpu generic -mllvm -treat-scalable-fixed-error-as-warning -debugger-tuning=gdb -v -fcoverage-compilation-dir=/home/lehrig/pvb6/pvbrowser/cmake-builddir-with-www/CMakeFiles/CMakeTmp -resource-dir /usr/lib64/clang/15.0.7 -dependency-file CMakeFiles/cmTC_527a0.dir/CMakeCXXCompilerABI.cpp.o.d -MT CMakeFiles/cmTC_527a0.dir/CMakeCXXCompilerABI.cpp.o -sys-header-deps -internal-isystem /usr/bin/../lib64/gcc/x86_64-suse-linux/10/../../../../include/c++/10 -internal-isystem /usr/bin/../lib64/gcc/x86_64-suse-linux/10/../../../../include/c++/10/x86_64-suse-linux -internal-isystem /usr/bin/../lib64/gcc/x86_64-suse-linux/10/../../../../include/c++/10/backward -internal-isystem /usr/lib64/clang/15.0.7/include -internal-isystem /usr/local/include -internal-isystem /usr/bin/../lib64/gcc/x86_64-suse-linux/10/../../../../x86_64-suse-linux/include -internal-externc-isystem /include -internal-externc-isystem /usr/include -fdeprecated-macro -fdebug-compilation-dir=/home/lehrig/pvb6/pvbrowser/cmake-builddir-with-www/CMakeFiles/CMakeTmp -ferror-limit 19 -fgnuc-version=4.2.1 -fcxx-exceptions -fexceptions -faddrsig -D__GCC_HAVE_DWARF2_CFI_ASM=1 -o CMakeFiles/cmTC_527a0.dir/CMakeCXXCompilerABI.cpp.o -x c++ /usr/share/cmake/Modules/CMakeCXXCompilerABI.cpp
clang -cc1 version 15.0.7 based upon LLVM 15.0.7 default target x86_64-suse-linux
ignoring nonexistent directory "/include"
#include "..." search starts here:
#include <...> search starts here:
 /usr/bin/../lib64/gcc/x86_64-suse-linux/10/../../../../include/c++/10
 /usr/bin/../lib64/gcc/x86_64-suse-linux/10/../../../../include/c++/10/x86_64-suse-linux
 /usr/bin/../lib64/gcc/x86_64-suse-linux/10/../../../../include/c++/10/backward
 /usr/lib64/clang/15.0.7/include
 /usr/local/include
 /usr/bin/../lib64/gcc/x86_64-suse-linux/10/../../../../x86_64-suse-linux/include
 /usr/include
End of search list.
Linking CXX executable cmTC_527a0
/usr/bin/cmake -E cmake_link_script CMakeFiles/cmTC_527a0.dir/link.txt --verbose=1
/usr/bin/clang++  -v CMakeFiles/cmTC_527a0.dir/CMakeCXXCompilerABI.cpp.o -o cmTC_527a0 
clang version 15.0.7
Target: x86_64-suse-linux
Thread model: posix
InstalledDir: /usr/bin
Found candidate GCC installation: /usr/bin/../lib64/gcc/x86_64-suse-linux/10
Found candidate GCC installation: /usr/bin/../lib64/gcc/x86_64-suse-linux/7
Selected GCC installation: /usr/bin/../lib64/gcc/x86_64-suse-linux/10
Candidate multilib: .;@m64
Selected multilib: .;@m64
 "/usr/bin/ld" -pie -z relro --hash-style=gnu --hash-style=both --build-id --enable-new-dtags --eh-frame-hdr -m elf_x86_64 -dynamic-linker /lib64/ld-linux-x86-64.so.2 -o cmTC_527a0 /usr/bin/../lib64/gcc/x86_64-suse-linux/10/../../../../lib64/Scrt1.o /usr/bin/../lib64/gcc/x86_64-suse-linux/10/../../../../lib64/crti.o /usr/bin/../lib64/gcc/x86_64-suse-linux/10/crtbeginS.o -L/usr/bin/../lib64/gcc/x86_64-suse-linux/10 -L/usr/bin/../lib64/gcc/x86_64-suse-linux/10/../../../../lib64 -L/lib/../lib64 -L/usr/lib/../lib64 -L/usr/bin/../lib64/gcc/x86_64-suse-linux/10/../../../../x86_64-suse-linux/lib -L/lib -L/usr/lib CMakeFiles/cmTC_527a0.dir/CMakeCXXCompilerABI.cpp.o -lstdc++ -lm -lgcc_s -lgcc -lc -lgcc_s -lgcc /usr/bin/../lib64/gcc/x86_64-suse-linux/10/crtendS.o /usr/bin/../lib64/gcc/x86_64-suse-linux/10/../../../../lib64/crtn.o
gmake[1]: Leaving directory '/home/lehrig/pvb6/pvbrowser/cmake-builddir-with-www/CMakeFiles/CMakeTmp'



Parsed CXX implicit include dir info from above output: rv=done
  found start of include info
  found start of implicit include info
    add: [/usr/bin/../lib64/gcc/x86_64-suse-linux/10/../../../../include/c++/10]
    add: [/usr/bin/../lib64/gcc/x86_64-suse-linux/10/../../../../include/c++/10/x86_64-suse-linux]
    add: [/usr/bin/../lib64/gcc/x86_64-suse-linux/10/../../../../include/c++/10/backward]
    add: [/usr/lib64/clang/15.0.7/include]
    add: [/usr/local/include]
    add: [/usr/bin/../lib64/gcc/x86_64-suse-linux/10/../../../../x86_64-suse-linux/include]
    add: [/usr/include]
  end of search list found
  collapse include dir [/usr/bin/../lib64/gcc/x86_64-suse-linux/10/../../../../include/c++/10] ==> [/usr/include/c++/10]
  collapse include dir [/usr/bin/../lib64/gcc/x86_64-suse-linux/10/../../../../include/c++/10/x86_64-suse-linux] ==> [/usr/include/c++/10/x86_64-suse-linux]
  collapse include dir [/usr/bin/../lib64/gcc/x86_64-suse-linux/10/../../../../include/c++/10/backward] ==> [/usr/include/c++/10/backward]
  collapse include dir [/usr/lib64/clang/15.0.7/include] ==> [/usr/lib64/clang/15.0.7/include]
  collapse include dir [/usr/local/include] ==> [/usr/local/include]
  collapse include dir [/usr/bin/../lib64/gcc/x86_64-suse-linux/10/../../../../x86_64-suse-linux/include] ==> [/usr/x86_64-suse-linux/include]
  collapse include dir [/usr/include] ==> [/usr/include]
  implicit include dirs: [/usr/include/c++/10;/usr/include/c++/10/x86_64-suse-linux;/usr/include/c++/10/backward;/usr/lib64/clang/15.0.7/include;/usr/local/include;/usr/x86_64-suse-linux/include;/usr/include]


Parsed CXX implicit link information from above output:
  link line regex: [^( *|.*[/\])(ld|CMAKE_LINK_STARTFILE-NOTFOUND|([^/\]+-)?ld|collect2)[^/\]*( |$)]
  ignore line: [Change Dir: /home/lehrig/pvb6/pvbrowser/cmake-builddir-with-www/CMakeFiles/CMakeTmp]
  ignore line: []
  ignore line: [Run Build Command(s):/usr/bin/gmake -f Makefile cmTC_527a0/fast && /usr/bin/gmake  -f CMakeFiles/cmTC_527a0.dir/build.make CMakeFiles/cmTC_527a0.dir/build]
  ignore line: [gmake[1]: Entering directory '/home/lehrig/pvb6/pvbrowser/cmake-builddir-with-www/CMakeFiles/CMakeTmp']
  ignore line: [Building CXX object CMakeFiles/cmTC_527a0.dir/CMakeCXXCompilerABI.cpp.o]
  ignore line: [/usr/bin/clang++   -v -MD -MT CMakeFiles/cmTC_527a0.dir/CMakeCXXCompilerABI.cpp.o -MF CMakeFiles/cmTC_527a0.dir/CMakeCXXCompilerABI.cpp.o.d -o CMakeFiles/cmTC_527a0.dir/CMakeCXXCompilerABI.cpp.o -c /usr/share/cmake/Modules/CMakeCXXCompilerABI.cpp]
  ignore line: [clang version 15.0.7]
  ignore line: [Target: x86_64-suse-linux]
  ignore line: [Thread model: posix]
  ignore line: [InstalledDir: /usr/bin]
  ignore line: [Found candidate GCC installation: /usr/bin/../lib64/gcc/x86_64-suse-linux/10]
  ignore line: [Found candidate GCC installation: /usr/bin/../lib64/gcc/x86_64-suse-linux/7]
  ignore line: [Selected GCC installation: /usr/bin/../lib64/gcc/x86_64-suse-linux/10]
  ignore line: [Candidate multilib: .]
  ignore line: [@m64]
  ignore line: [Selected multilib: .]
  ignore line: [@m64]
  ignore line: [ (in-process)]
  ignore line: [ "/usr/bin/clang-15.0.7" -cc1 -triple x86_64-suse-linux -emit-obj -mrelax-all --mrelax-relocations -disable-free -clear-ast-before-backend -disable-llvm-verifier -discard-value-names -main-file-name CMakeCXXCompilerABI.cpp -mrelocation-model pic -pic-level 2 -pic-is-pie -mframe-pointer=all -fmath-errno -ffp-contract=on -fno-rounding-math -mconstructor-aliases -funwind-tables=2 -target-cpu x86-64 -tune-cpu generic -mllvm -treat-scalable-fixed-error-as-warning -debugger-tuning=gdb -v -fcoverage-compilation-dir=/home/lehrig/pvb6/pvbrowser/cmake-builddir-with-www/CMakeFiles/CMakeTmp -resource-dir /usr/lib64/clang/15.0.7 -dependency-file CMakeFiles/cmTC_527a0.dir/CMakeCXXCompilerABI.cpp.o.d -MT CMakeFiles/cmTC_527a0.dir/CMakeCXXCompilerABI.cpp.o -sys-header-deps -internal-isystem /usr/bin/../lib64/gcc/x86_64-suse-linux/10/../../../../include/c++/10 -internal-isystem /usr/bin/../lib64/gcc/x86_64-suse-linux/10/../../../../include/c++/10/x86_64-suse-linux -internal-isystem /usr/bin/../lib64/gcc/x86_64-suse-linux/10/../../../../include/c++/10/backward -internal-isystem /usr/lib64/clang/15.0.7/include -internal-isystem /usr/local/include -internal-isystem /usr/bin/../lib64/gcc/x86_64-suse-linux/10/../../../../x86_64-suse-linux/include -internal-externc-isystem /include -internal-externc-isystem /usr/include -fdeprecated-macro -fdebug-compilation-dir=/home/lehrig/pvb6/pvbrowser/cmake-builddir-with-www/CMakeFiles/CMakeTmp -ferror-limit 19 -fgnuc-version=4.2.1 -fcxx-exceptions -fexceptions -faddrsig -D__GCC_HAVE_DWARF2_CFI_ASM=1 -o CMakeFiles/cmTC_527a0.dir/CMakeCXXCompilerABI.cpp.o -x c++ /usr/share/cmake/Modules/CMakeCXXCompilerABI.cpp]
  ignore line: [clang -cc1 version 15.0.7 based upon LLVM 15.0.7 default target x86_64-suse-linux]
  ignore line: [ignoring nonexistent directory "/include"]
  ignore line: [#include "..." search starts here:]
  ignore line: [#include <...> search starts here:]
  ignore line: [ /usr/bin/../lib64/gcc/x86_64-suse-linux/10/../../../../include/c++/10]
  ignore line: [ /usr/bin/../lib64/gcc/x86_64-suse-linux/10/../../../../include/c++/10/x86_64-suse-linux]
  ignore line: [ /usr/bin/../lib64/gcc/x86_64-suse-linux/10/../../../../include/c++/10/backward]
  ignore line: [ /usr/lib64/clang/15.0.7/include]
  ignore line: [ /usr/local/include]
  ignore line: [ /usr/bin/../lib64/gcc/x86_64-suse-linux/10/../../../../x86_64-suse-linux/include]
  ignore line: [ /usr/include]
  ignore line: [End of search list.]
  ignore line: [Linking CXX executable cmTC_527a0]
  ignore line: [/usr/bin/cmake -E cmake_link_script CMakeFiles/cmTC_527a0.dir/link.txt --verbose=1]
  ignore line: [/usr/bin/clang++  -v CMakeFiles/cmTC_527a0.dir/CMakeCXXCompilerABI.cpp.o -o cmTC_527a0 ]
  ignore line: [clang version 15.0.7]
  ignore line: [Target: x86_64-suse-linux]
  ignore line: [Thread model: posix]
  ignore line: [InstalledDir: /usr/bin]
  ignore line: [Found candidate GCC installation: /usr/bin/../lib64/gcc/x86_64-suse-linux/10]
  ignore line: [Found candidate GCC installation: /usr/bin/../lib64/gcc/x86_64-suse-linux/7]
  ignore line: [Selected GCC installation: /usr/bin/../lib64/gcc/x86_64-suse-linux/10]
  ignore line: [Candidate multilib: .]
  ignore line: [@m64]
  ignore line: [Selected multilib: .]
  ignore line: [@m64]
  link line: [ "/usr/bin/ld" -pie -z relro --hash-style=gnu --hash-style=both --build-id --enable-new-dtags --eh-frame-hdr -m elf_x86_64 -dynamic-linker /lib64/ld-linux-x86-64.so.2 -o cmTC_527a0 /usr/bin/../lib64/gcc/x86_64-suse-linux/10/../../../../lib64/Scrt1.o /usr/bin/../lib64/gcc/x86_64-suse-linux/10/../../../../lib64/crti.o /usr/bin/../lib64/gcc/x86_64-suse-linux/10/crtbeginS.o -L/usr/bin/../lib64/gcc/x86_64-suse-linux/10 -L/usr/bin/../lib64/gcc/x86_64-suse-linux/10/../../../../lib64 -L/lib/../lib64 -L/usr/lib/../lib64 -L/usr/bin/../lib64/gcc/x86_64-suse-linux/10/../../../../x86_64-suse-linux/lib -L/lib -L/usr/lib CMakeFiles/cmTC_527a0.dir/CMakeCXXCompilerABI.cpp.o -lstdc++ -lm -lgcc_s -lgcc -lc -lgcc_s -lgcc /usr/bin/../lib64/gcc/x86_64-suse-linux/10/crtendS.o /usr/bin/../lib64/gcc/x86_64-suse-linux/10/../../../../lib64/crtn.o]
    arg [/usr/bin/ld] ==> ignore
    arg [-pie] ==> ignore
    arg [-zrelro] ==> ignore
    arg [--hash-style=gnu] ==> ignore
    arg [--hash-style=both] ==> ignore
    arg [--build-id] ==> ignore
    arg [--enable-new-dtags] ==> ignore
    arg [--eh-frame-hdr] ==> ignore
    arg [-m] ==> ignore
    arg [elf_x86_64] ==> ignore
    arg [-dynamic-linker] ==> ignore
    arg [/lib64/ld-linux-x86-64.so.2] ==> ignore
    arg [-o] ==> ignore
    arg [cmTC_527a0] ==> ignore
    arg [/usr/bin/../lib64/gcc/x86_64-suse-linux/10/../../../../lib64/Scrt1.o] ==> obj [/usr/bin/../lib64/gcc/x86_64-suse-linux/10/../../../../lib64/Scrt1.o]
    arg [/usr/bin/../lib64/gcc/x86_64-suse-linux/10/../../../../lib64/crti.o] ==> obj [/usr/bin/../lib64/gcc/x86_64-suse-linux/10/../../../../lib64/crti.o]
    arg [/usr/bin/../lib64/gcc/x86_64-suse-linux/10/crtbeginS.o] ==> obj [/usr/bin/../lib64/gcc/x86_64-suse-linux/10/crtbeginS.o]
    arg [-L/usr/bin/../lib64/gcc/x86_64-suse-linux/10] ==> dir [/usr/bin/../lib64/gcc/x86_64-suse-linux/10]
    arg [-L/usr/bin/../lib64/gcc/x86_64-suse-linux/10/../../../../lib64] ==> dir [/usr/bin/../lib64/gcc/x86_64-suse-linux/10/../../../../lib64]
    arg [-L/lib/../lib64] ==> dir [/lib/../lib64]
    arg [-L/usr/lib/../lib64] ==> dir [/usr/lib/../lib64]
    arg [-L/usr/bin/../lib64/gcc/x86_64-suse-linux/10/../../../../x86_64-suse-linux/lib] ==> dir [/usr/bin/../lib64/gcc/x86_64-suse-linux/10/../../../../x86_64-suse-linux/lib]
    arg [-L/lib] ==> dir [/lib]
    arg [-L/usr/lib] ==> dir [/usr/lib]
    arg [CMakeFiles/cmTC_527a0.dir/CMakeCXXCompilerABI.cpp.o] ==> ignore
    arg [-lstdc++] ==> lib [stdc++]
    arg [-lm] ==> lib [m]
    arg [-lgcc_s] ==> lib [gcc_s]
    arg [-lgcc] ==> lib [gcc]
    arg [-lc] ==> lib [c]
    arg [-lgcc_s] ==> lib [gcc_s]
    arg [-lgcc] ==> lib [gcc]
    arg [/usr/bin/../lib64/gcc/x86_64-suse-linux/10/crtendS.o] ==> obj [/usr/bin/../lib64/gcc/x86_64-suse-linux/10/crtendS.o]
    arg [/usr/bin/../lib64/gcc/x86_64-suse-linux/10/../../../../lib64/crtn.o] ==> obj [/usr/bin/../lib64/gcc/x86_64-suse-linux/10/../../../../lib64/crtn.o]
  collapse obj [/usr/bin/../lib64/gcc/x86_64-suse-linux/10/../../../../lib64/Scrt1.o] ==> [/usr/lib64/Scrt1.o]
  collapse obj [/usr/bin/../lib64/gcc/x86_64-suse-linux/10/../../../../lib64/crti.o] ==> [/usr/lib64/crti.o]
  collapse obj [/usr/bin/../lib64/gcc/x86_64-suse-linux/10/crtbeginS.o] ==> [/usr/lib64/gcc/x86_64-suse-linux/10/crtbeginS.o]
  collapse obj [/usr/bin/../lib64/gcc/x86_64-suse-linux/10/crtendS.o] ==> [/usr/lib64/gcc/x86_64-suse-linux/10/crtendS.o]
  collapse obj [/usr/bin/../lib64/gcc/x86_64-suse-linux/10/../../../../lib64/crtn.o] ==> [/usr/lib64/crtn.o]
  collapse library dir [/usr/bin/../lib64/gcc/x86_64-suse-linux/10] ==> [/usr/lib64/gcc/x86_64-suse-linux/10]
  collapse library dir [/usr/bin/../lib64/gcc/x86_64-suse-linux/10/../../../../lib64] ==> [/usr/lib64]
  collapse library dir [/lib/../lib64] ==> [/lib64]
  collapse library dir [/usr/lib/../lib64] ==> [/usr/lib64]
  collapse library dir [/usr/bin/../lib64/gcc/x86_64-suse-linux/10/../../../../x86_64-suse-linux/lib] ==> [/usr/x86_64-suse-linux/lib]
  collapse library dir [/lib] ==> [/lib]
  collapse library dir [/usr/lib] ==> [/usr/lib]
  implicit libs: [stdc++;m;gcc_s;gcc;c;gcc_s;gcc]
  implicit objs: [/usr/lib64/Scrt1.o;/usr/lib64/crti.o;/usr/lib64/gcc/x86_64-suse-linux/10/crtbeginS.o;/usr/lib64/gcc/x86_64-suse-linux/10/crtendS.o;/usr/lib64/crtn.o]
  implicit dirs: [/usr/lib64/gcc/x86_64-suse-linux/10;/usr/lib64;/lib64;/usr/x86_64-suse-linux/lib;/lib;/usr/lib]
  implicit fwks: []


Determining if the include file pthread.h exists passed with the following output:
Change Dir: /home/lehrig/pvb6/pvbrowser/cmake-builddir-with-www/CMakeFiles/CMakeTmp

Run Build Command(s):/usr/bin/gmake -f Makefile cmTC_e2368/fast && /usr/bin/gmake  -f CMakeFiles/cmTC_e2368.dir/build.make CMakeFiles/cmTC_e2368.dir/build
gmake[1]: Verzeichnis „/home/lehrig/pvb6/pvbrowser/cmake-builddir-with-www/CMakeFiles/CMakeTmp“ wird betreten
Building CXX object CMakeFiles/cmTC_e2368.dir/CheckIncludeFile.cxx.o
/usr/bin/clang++   -std=c++11  -std=gnu++17 -MD -MT CMakeFiles/cmTC_e2368.dir/CheckIncludeFile.cxx.o -MF CMakeFiles/cmTC_e2368.dir/CheckIncludeFile.cxx.o.d -o CMakeFiles/cmTC_e2368.dir/CheckIncludeFile.cxx.o -c /home/lehrig/pvb6/pvbrowser/cmake-builddir-with-www/CMakeFiles/CMakeTmp/CheckIncludeFile.cxx
Linking CXX executable cmTC_e2368
/usr/bin/cmake -E cmake_link_script CMakeFiles/cmTC_e2368.dir/link.txt --verbose=1
/usr/bin/clang++  -std=c++11  CMakeFiles/cmTC_e2368.dir/CheckIncludeFile.cxx.o -o cmTC_e2368 
gmake[1]: Verzeichnis „/home/lehrig/pvb6/pvbrowser/cmake-builddir-with-www/CMakeFiles/CMakeTmp“ wird verlassen



Performing C++ SOURCE FILE Test HAVE_STDATOMIC succeeded with the following output:
Change Dir: /home/lehrig/pvb6/pvbrowser/cmake-builddir-with-www/CMakeFiles/CMakeTmp

Run Build Command(s):/usr/bin/gmake -f Makefile cmTC_067ad/fast && /usr/bin/gmake  -f CMakeFiles/cmTC_067ad.dir/build.make CMakeFiles/cmTC_067ad.dir/build
gmake[1]: Verzeichnis „/home/lehrig/pvb6/pvbrowser/cmake-builddir-with-www/CMakeFiles/CMakeTmp“ wird betreten
Building CXX object CMakeFiles/cmTC_067ad.dir/src.cxx.o
/usr/bin/clang++ -DHAVE_STDATOMIC  -std=c++11  -std=gnu++17 -MD -MT CMakeFiles/cmTC_067ad.dir/src.cxx.o -MF CMakeFiles/cmTC_067ad.dir/src.cxx.o.d -o CMakeFiles/cmTC_067ad.dir/src.cxx.o -c /home/lehrig/pvb6/pvbrowser/cmake-builddir-with-www/CMakeFiles/CMakeTmp/src.cxx
Linking CXX executable cmTC_067ad
/usr/bin/cmake -E cmake_link_script CMakeFiles/cmTC_067ad.dir/link.txt --verbose=1
/usr/bin/clang++  -std=c++11  CMakeFiles/cmTC_067ad.dir/src.cxx.o -o cmTC_067ad 
gmake[1]: Verzeichnis „/home/lehrig/pvb6/pvbrowser/cmake-builddir-with-www/CMakeFiles/CMakeTmp“ wird verlassen


Source file was:
#include <atomic>
#include <cstdint>

int main(int, char **)
{
    volatile std::atomic<char>    size_1;
    volatile std::atomic<short>   size_2;
    volatile std::atomic<int>     size_4;
    volatile std::atomic<int64_t> size_8;

    ++size_1;
    ++size_2;
    ++size_4;
    ++size_8;

    (void)size_1.load(std::memory_order_relaxed);
    (void)size_2.load(std::memory_order_relaxed);
    (void)size_4.load(std::memory_order_relaxed);
    (void)size_8.load(std::memory_order_relaxed);

    return 0;
}
