Performing C++ SOURCE FILE Test CMAKE_HAVE_LIBC_PTHREAD failed with the following output:
Change Dir: /home/lehrig/pvb6/pvbrowser/cmake-builddir-with-www/CMakeFiles/CMakeTmp

Run Build Command(s):/usr/bin/gmake -f Makefile cmTC_49551/fast && /usr/bin/gmake  -f CMakeFiles/cmTC_49551.dir/build.make CMakeFiles/cmTC_49551.dir/build
gmake[1]: Verzeichnis „/home/lehrig/pvb6/pvbrowser/cmake-builddir-with-www/CMakeFiles/CMakeTmp“ wird betreten
Building CXX object CMakeFiles/cmTC_49551.dir/src.cxx.o
/usr/bin/clang++ -DCMAKE_HAVE_LIBC_PTHREAD  -std=c++11  -std=gnu++17 -MD -MT CMakeFiles/cmTC_49551.dir/src.cxx.o -MF CMakeFiles/cmTC_49551.dir/src.cxx.o.d -o CMakeFiles/cmTC_49551.dir/src.cxx.o -c /home/lehrig/pvb6/pvbrowser/cmake-builddir-with-www/CMakeFiles/CMakeTmp/src.cxx
Linking CXX executable cmTC_49551
/usr/bin/cmake -E cmake_link_script CMakeFiles/cmTC_49551.dir/link.txt --verbose=1
/usr/bin/clang++  -std=c++11  CMakeFiles/cmTC_49551.dir/src.cxx.o -o cmTC_49551 
/usr/bin/ld: CMakeFiles/cmTC_49551.dir/src.cxx.o: in function `main':
src.cxx:(.text+0x22): undefined reference to `pthread_create'
/usr/bin/ld: src.cxx:(.text+0x2b): undefined reference to `pthread_detach'
/usr/bin/ld: src.cxx:(.text+0x34): undefined reference to `pthread_cancel'
/usr/bin/ld: src.cxx:(.text+0x41): undefined reference to `pthread_join'
clang-15.0: error: linker command failed with exit code 1 (use -v to see invocation)
gmake[1]: *** [CMakeFiles/cmTC_49551.dir/build.make:100: cmTC_49551] Fehler 1
gmake[1]: Verzeichnis „/home/lehrig/pvb6/pvbrowser/cmake-builddir-with-www/CMakeFiles/CMakeTmp“ wird verlassen
gmake: *** [Makefile:127: cmTC_49551/fast] Fehler 2


Source file was:
#include <pthread.h>

static void* test_func(void* data)
{
  return data;
}

int main(void)
{
  pthread_t thread;
  pthread_create(&thread, NULL, test_func, NULL);
  pthread_detach(thread);
  pthread_cancel(thread);
  pthread_join(thread, NULL);
  pthread_atfork(NULL, NULL, NULL);
  pthread_exit(NULL);

  return 0;
}

